2021-04-30 16:31:33,190   * boston
2021-04-30 16:31:33,192   * denver
2021-04-30 16:31:33,193   * losang
2021-04-30 16:31:33,199 
format: /mnt/e/HOME/Documents/github-clone-repositories/retail-weblogs-stream-etl/gen_iot_etl/geniotproducer.py DEVICE_NAME
2021-04-30 16:32:20,023 Connecting to Kafka...
2021-04-30 16:32:20,027 1619814740.0270987,boston,42.196170980510054,70.88282590130713,1025.1336163751469
2021-04-30 16:32:20,031 sending data to kafka, #1
2021-04-30 16:32:20,538 1619814740.5384953,boston,37.18044025533131,99.47168195710134,1024.7768409002306
2021-04-30 16:32:20,539 sending data to kafka, #2
2021-04-30 16:32:21,047 1619814741.046968,boston,72.29680181437078,69.99809786670856,1029.6513050408064
2021-04-30 16:32:21,047 sending data to kafka, #3
2021-04-30 16:32:21,550 1619814741.5506988,boston,30.455869350054694,85.05074209935012,1022.8005287887828
2021-04-30 16:32:21,551 sending data to kafka, #4
2021-04-30 16:32:22,055 1619814742.055645,boston,39.91752667156613,70.31095668919235,1034.720206589216
2021-04-30 16:32:22,058 sending data to kafka, #5
2021-04-30 16:32:22,571 1619814742.5714176,boston,62.76025443160044,100,1016.200662959694
2021-04-30 16:32:22,572 sending data to kafka, #6
2021-04-30 16:32:23,076 1619814743.0760658,boston,81.83912223781101,49.29339202843422,1008.2418596332006
2021-04-30 16:32:23,078 sending data to kafka, #7
2021-04-30 16:32:23,582 1619814743.582152,boston,69.93320332933006,86.92002139770644,1011.6062408021035
2021-04-30 16:32:23,584 sending data to kafka, #8
2021-04-30 16:32:24,089 1619814744.0899067,boston,83.21497377054915,85.00920531543618,1026.1215929359612
2021-04-30 16:32:24,091 sending data to kafka, #9
2021-04-30 16:32:24,593 1619814744.593772,boston,49.226872683628535,73.52508480775978,1014.3163993007037
2021-04-30 16:32:24,595 sending data to kafka, #10
2021-04-30 16:32:25,104 1619814745.1040998,boston,53.98184601565236,91.04093175971089,1026.3065837200863
2021-04-30 16:32:25,105 sending data to kafka, #11
2021-04-30 16:32:25,608 1619814745.608443,boston,69.3625265755783,66.08846888690091,1024.9036635791012
2021-04-30 16:32:25,609 sending data to kafka, #12
2021-04-30 16:32:26,113 1619814746.1132689,boston,24.031068845134275,82.30802702964444,1029.0916050034027
2021-04-30 16:32:26,114 sending data to kafka, #13
2021-04-30 16:32:26,618 1619814746.6187575,boston,73.09957074867998,65.21080488729883,1020.3689682598554
2021-04-30 16:32:26,619 sending data to kafka, #14
2021-04-30 16:32:27,122 1619814747.122542,boston,74.54841445534353,77.98807725393233,1021.1079151450896
2021-04-30 16:32:27,124 sending data to kafka, #15
2021-04-30 16:32:27,628 1619814747.628159,boston,62.1767539573752,78.30454051395051,1018.6608737341764
2021-04-30 16:32:27,630 sending data to kafka, #16
2021-04-30 16:32:28,137 1619814748.1374002,boston,45.24883792134324,100,1022.4468528095415
2021-04-30 16:32:28,138 sending data to kafka, #17
2021-04-30 16:32:28,644 1619814748.6443217,boston,39.16721564086643,81.43025236185888,1016.7304351788999
2021-04-30 16:32:28,647 sending data to kafka, #18
2021-04-30 16:32:29,151 1619814749.1519427,boston,47.12855749445025,65.50669103694824,1019.5390137328666
2021-04-30 16:32:29,152 sending data to kafka, #19
2021-04-30 16:32:29,655 1619814749.65505,boston,63.213664514602144,76.51438941351405,1003.9374465296775
2021-04-30 16:32:29,656 sending data to kafka, #20
2021-04-30 16:32:30,159 1619814750.1599054,boston,59.684944817774,75.86506399177487,1018.4746955127198
2021-04-30 16:32:30,160 sending data to kafka, #21
2021-04-30 16:32:30,664 1619814750.6639712,boston,78.61705269706735,78.46415546186337,1007.9799183369382
2021-04-30 16:32:30,665 sending data to kafka, #22
2021-04-30 16:32:31,169 1619814751.1692457,boston,28.01111943172541,88.98014157990875,1020.3083983647866
2021-04-30 16:32:31,170 sending data to kafka, #23
2021-04-30 16:32:31,675 1619814751.6751003,boston,44.59668241988801,82.58092335847236,1015.6573311026975
2021-04-30 16:32:31,677 sending data to kafka, #24
2021-04-30 16:32:32,183 1619814752.1837394,boston,63.04491605642627,100,1003.5038248273864
2021-04-30 16:32:32,185 sending data to kafka, #25
2021-04-30 16:32:32,690 1619814752.69031,boston,42.522141364026446,71.43114207084672,1015.6859223872844
2021-04-30 16:32:32,691 sending data to kafka, #26
2021-04-30 16:32:33,194 1619814753.194251,boston,49.72837882888723,80.07189313679582,1012.1461698320585
2021-04-30 16:32:33,195 sending data to kafka, #27
2021-04-30 16:32:33,698 1619814753.6987212,boston,45.47633967604939,79.6430974921998,1010.5319578692864
2021-04-30 16:32:33,699 sending data to kafka, #28
2021-04-30 16:32:34,203 1619814754.2030003,boston,39.12089956992057,79.73267328261295,1008.3035888498789
2021-04-30 16:32:34,204 sending data to kafka, #29
2021-04-30 16:32:34,713 1619814754.7135458,boston,46.345778421749046,77.8995975052039,1024.3241530312077
2021-04-30 16:32:34,717 sending data to kafka, #30
2021-04-30 16:32:35,221 1619814755.2216961,boston,8.43523296422429,59.67370757210572,1023.8029261751468
2021-04-30 16:32:35,222 sending data to kafka, #31
2021-04-30 16:32:35,727 1619814755.7271268,boston,35.317254524118184,42.32980811956829,1026.439788338756
2021-04-30 16:32:35,728 sending data to kafka, #32
2021-04-30 16:32:36,230 1619814756.2303622,boston,64.67758901538113,39.40946885334674,1022.2651016421519
2021-04-30 16:32:36,232 sending data to kafka, #33
2021-04-30 16:32:36,742 1619814756.742367,boston,39.81142451479148,52.053904426775546,1006.5736504510528
2021-04-30 16:32:36,743 sending data to kafka, #34
2021-04-30 16:32:37,247 1619814757.2477582,boston,68.07660283749408,83.082648032016,1015.9873939369371
2021-04-30 16:32:37,248 sending data to kafka, #35
